<?xml version="1.0" encoding="UTF-8"?>
<!-- Generated by org.testng.reporters.JUnitReportReporter -->
<testsuite hostname="Prateeks-PC" name="com.blazedemo.test.HomePageTest" tests="5" failures="0" timestamp="28 Aug 2021 12:37:45 GMT" time="26.525" errors="0">
  <testcase name="validateSingUpFunctioanlityTest" time="4.641" classname="com.blazedemo.test.HomePageTest"/>
  <testcase name="validateLoginFunctionalityTest" time="4.600" classname="com.blazedemo.test.HomePageTest"/>
  <testcase name="validateScrollingFunctionalityTest" time="4.123" classname="com.blazedemo.test.HomePageTest"/>
  <testcase name="validateCartLinkTest" time="7.371" classname="com.blazedemo.test.HomePageTest"/>
  <testcase name="validaateClickOnNokiaTest" time="5.790" classname="com.blazedemo.test.HomePageTest"/>
</testsuite> <!-- com.blazedemo.test.HomePageTest -->
