<?xml version="1.0" encoding="UTF-8"?>
<!-- Generated by org.testng.reporters.JUnitReportReporter -->
<testsuite hostname="Prateeks-PC" name="com.blazedemo.test.HomePageTest" tests="4" failures="0" timestamp="14 May 2021 12:39:38 GMT" time="27.241" errors="0">
  <testcase name="validateScrollingFunctionalityTest" time="4.075" classname="com.blazedemo.test.HomePageTest"/>
  <testcase name="validaateClickOnNokiaTest" time="7.425" classname="com.blazedemo.test.HomePageTest"/>
  <testcase name="validateLoginFunctionalityTest" time="7.776" classname="com.blazedemo.test.HomePageTest"/>
  <testcase name="validateSingUpFunctioanlityTest" time="7.965" classname="com.blazedemo.test.HomePageTest"/>
</testsuite> <!-- com.blazedemo.test.HomePageTest -->
