<?xml version="1.0" encoding="UTF-8"?>
<!-- Generated by org.testng.reporters.JUnitReportReporter -->
<testsuite hostname="Prateeks-PC" name="com.blazedemo.test.HomePageTest" tests="4" failures="0" timestamp="23 May 2021 08:31:53 GMT" time="26.007" errors="0">
  <testcase name="validaateClickOnNokiaTest" time="8.627" classname="com.blazedemo.test.HomePageTest"/>
  <testcase name="validateSingUpFunctioanlityTest" time="5.052" classname="com.blazedemo.test.HomePageTest"/>
  <testcase name="validateLoginFunctionalityTest" time="5.698" classname="com.blazedemo.test.HomePageTest"/>
  <testcase name="validateScrollingFunctionalityTest" time="6.630" classname="com.blazedemo.test.HomePageTest"/>
</testsuite> <!-- com.blazedemo.test.HomePageTest -->
