<?xml version="1.0" encoding="UTF-8"?>
<!-- Generated by org.testng.reporters.JUnitReportReporter -->
<testsuite hostname="Prateeks-PC" name="com.blazedemo.test.HomePageTest" tests="4" failures="0" timestamp="22 May 2021 08:17:58 GMT" time="18.965" errors="0">
  <testcase name="validateScrollingFunctionalityTest" time="4.008" classname="com.blazedemo.test.HomePageTest"/>
  <testcase name="validaateClickOnNokiaTest" time="4.522" classname="com.blazedemo.test.HomePageTest"/>
  <testcase name="validateSingUpFunctioanlityTest" time="5.301" classname="com.blazedemo.test.HomePageTest"/>
  <testcase name="validateLoginFunctionalityTest" time="5.134" classname="com.blazedemo.test.HomePageTest"/>
</testsuite> <!-- com.blazedemo.test.HomePageTest -->
