<?xml version="1.0" encoding="UTF-8"?>
<!-- Generated by org.testng.reporters.JUnitReportReporter -->
<testsuite hostname="Prateeks-PC" name="com.blazedemo.test.HomePageTest" tests="5" failures="0" timestamp="5 Jul 2021 04:10:59 GMT" time="41.258" errors="0">
  <testcase name="validateSingUpFunctioanlityTest" time="5.789" classname="com.blazedemo.test.HomePageTest"/>
  <testcase name="validateScrollingFunctionalityTest" time="5.917" classname="com.blazedemo.test.HomePageTest"/>
  <testcase name="validateCartLinkTest" time="7.382" classname="com.blazedemo.test.HomePageTest"/>
  <testcase name="validateLoginFunctionalityTest" time="14.170" classname="com.blazedemo.test.HomePageTest"/>
  <testcase name="validaateClickOnNokiaTest" time="8.000" classname="com.blazedemo.test.HomePageTest"/>
</testsuite> <!-- com.blazedemo.test.HomePageTest -->
