<?xml version="1.0" encoding="UTF-8"?>
<!-- Generated by org.testng.reporters.JUnitReportReporter -->
<testsuite hostname="Prateeks-PC" name="com.blazedemo.test.ProductDetailsPageTest" tests="10" failures="0" timestamp="28 Aug 2021 12:37:45 GMT" time="63.825" errors="0">
  <testcase name="validateAsusPriceTest" time="6.629" classname="com.blazedemo.test.ProductDetailsPageTest"/>
  <testcase name="validateNokiaLumiaText" time="6.467" classname="com.blazedemo.test.ProductDetailsPageTest"/>
  <testcase name="validateMacBookairText" time="6.122" classname="com.blazedemo.test.ProductDetailsPageTest"/>
  <testcase name="validaateAsusTextTest" time="6.229" classname="com.blazedemo.test.ProductDetailsPageTest"/>
  <testcase name="validateAddToCartTest" time="6.575" classname="com.blazedemo.test.ProductDetailsPageTest"/>
  <testcase name="validateLoginFunctionalityTest" time="4.389" classname="com.blazedemo.test.ProductDetailsPageTest"/>
  <testcase name="validaateMacbookairAddToCartTest" time="7.334" classname="com.blazedemo.test.ProductDetailsPageTest"/>
  <testcase name="vallidateAsusCartTest" time="7.571" classname="com.blazedemo.test.ProductDetailsPageTest"/>
  <testcase name="validateNokiaPriceTest" time="5.775" classname="com.blazedemo.test.ProductDetailsPageTest"/>
  <testcase name="validateMacBookairPriceTest" time="6.734" classname="com.blazedemo.test.ProductDetailsPageTest"/>
</testsuite> <!-- com.blazedemo.test.ProductDetailsPageTest -->
