<?xml version="1.0" encoding="UTF-8"?>
<!-- Generated by org.testng.reporters.JUnitReportReporter -->
<testsuite hostname="Prateeks-PC" name="com.blazedemo.test.ProductDetailsPageTest" tests="10" failures="0" timestamp="29 May 2021 08:51:24 GMT" time="56.822" errors="0">
  <testcase name="validaateAsusTextTest" time="6.122" classname="com.blazedemo.test.ProductDetailsPageTest"/>
  <testcase name="vallidateAsusCartTest" time="7.040" classname="com.blazedemo.test.ProductDetailsPageTest"/>
  <testcase name="validateAddToCartTest" time="6.330" classname="com.blazedemo.test.ProductDetailsPageTest"/>
  <testcase name="validateLoginFunctionalityTest" time="3.587" classname="com.blazedemo.test.ProductDetailsPageTest"/>
  <testcase name="validateNokiaPriceTest" time="5.450" classname="com.blazedemo.test.ProductDetailsPageTest"/>
  <testcase name="validateNokiaLumiaText" time="4.943" classname="com.blazedemo.test.ProductDetailsPageTest"/>
  <testcase name="validateMacBookairText" time="5.661" classname="com.blazedemo.test.ProductDetailsPageTest"/>
  <testcase name="validateAsusPriceTest" time="5.324" classname="com.blazedemo.test.ProductDetailsPageTest"/>
  <testcase name="validateMacBookairPriceTest" time="6.592" classname="com.blazedemo.test.ProductDetailsPageTest"/>
  <testcase name="validaateMacbookairAddToCartTest" time="5.773" classname="com.blazedemo.test.ProductDetailsPageTest"/>
</testsuite> <!-- com.blazedemo.test.ProductDetailsPageTest -->
