<?xml version="1.0" encoding="UTF-8"?>
<!-- Generated by org.testng.reporters.JUnitReportReporter -->
<testsuite hostname="Prateeks-PC" name="com.blazedemo.test.HomePageTest" tests="3" failures="0" timestamp="14 May 2021 09:01:20 GMT" time="14.289" errors="0">
  <testcase name="validateScrollingFunctionalityTest" time="4.065" classname="com.blazedemo.test.HomePageTest"/>
  <testcase name="validateLoginFunctionalityTest" time="4.220" classname="com.blazedemo.test.HomePageTest"/>
  <testcase name="validateSingUpFunctioanlityTest" time="6.004" classname="com.blazedemo.test.HomePageTest"/>
</testsuite> <!-- com.blazedemo.test.HomePageTest -->
