<?xml version="1.0" encoding="UTF-8"?>
<!-- Generated by org.testng.reporters.JUnitReportReporter -->
<testsuite hostname="Prateeks-PC" name="com.blazedemo.test.HomePageTest" tests="4" failures="0" timestamp="15 May 2021 12:15:58 GMT" time="22.924" errors="0">
  <testcase name="validateSingUpFunctioanlityTest" time="3.678" classname="com.blazedemo.test.HomePageTest"/>
  <testcase name="validateScrollingFunctionalityTest" time="5.315" classname="com.blazedemo.test.HomePageTest"/>
  <testcase name="validaateClickOnNokiaTest" time="7.279" classname="com.blazedemo.test.HomePageTest"/>
  <testcase name="validateLoginFunctionalityTest" time="6.652" classname="com.blazedemo.test.HomePageTest"/>
</testsuite> <!-- com.blazedemo.test.HomePageTest -->
