<?xml version="1.0" encoding="UTF-8"?>
<!-- Generated by org.testng.reporters.JUnitReportReporter -->
<testsuite hostname="Prateeks-PC" name="com.blazedemo.test.HomePageTest" tests="5" failures="0" timestamp="29 May 2021 08:51:24 GMT" time="22.798" errors="0">
  <testcase name="validateCartLinkTest" time="3.632" classname="com.blazedemo.test.HomePageTest"/>
  <testcase name="validaateClickOnNokiaTest" time="5.901" classname="com.blazedemo.test.HomePageTest"/>
  <testcase name="validateSingUpFunctioanlityTest" time="3.696" classname="com.blazedemo.test.HomePageTest"/>
  <testcase name="validateLoginFunctionalityTest" time="3.649" classname="com.blazedemo.test.HomePageTest"/>
  <testcase name="validateScrollingFunctionalityTest" time="5.920" classname="com.blazedemo.test.HomePageTest"/>
</testsuite> <!-- com.blazedemo.test.HomePageTest -->
